#-----------------------------------------------------------
# Vivado v2018.2 (64-bit)
# SW Build 2258646 on Thu Jun 14 20:03:12 MDT 2018
# IP Build 2256618 on Thu Jun 14 22:10:49 MDT 2018
# Start of session at: Tue Apr 16 22:57:26 2019
# Process ID: 13868
# Current directory: C:/Users/q1109/Downloads/MIPS-master
# Command line: vivado.exe -gui_launcher_event rodinguilauncherevent4116 C:\Users\q1109\Downloads\MIPS-master\MIPS32.xpr
# Log file: C:/Users/q1109/Downloads/MIPS-master/vivado.log
# Journal file: C:/Users/q1109/Downloads/MIPS-master\vivado.jou
#-----------------------------------------------------------
start_gui
open_project C:/Users/q1109/Downloads/MIPS-master/MIPS32.xpr
Scanning sources...
Finished scanning sources
INFO: [IP_Flow 19-234] Refreshing IP repositories
INFO: [IP_Flow 19-1704] No user IP repositories specified
INFO: [IP_Flow 19-2313] Loaded Vivado IP repository 'C:/Xilinx/Vivado/2018.2/data/ip'.
open_project: Time (s): cpu = 00:00:11 ; elapsed = 00:00:07 . Memory (MB): peak = 865.566 ; gain = 126.113
update_compile_order -fileset sources_1
close [ open C:/Users/q1109/Downloads/MIPS-master/MIPS32.srcs/sources_1/new/Decoder.v w ]
add_files C:/Users/q1109/Downloads/MIPS-master/MIPS32.srcs/sources_1/new/Decoder.v
update_compile_order -fileset sources_1
set_property top Decoder [current_fileset]
update_compile_order -fileset sources_1
update_compile_order -fileset sources_1
close [ open C:/Users/q1109/Downloads/MIPS-master/MIPS32.srcs/sources_1/new/Instr_Decode.v w ]
add_files C:/Users/q1109/Downloads/MIPS-master/MIPS32.srcs/sources_1/new/Instr_Decode.v
update_compile_order -fileset sources_1
set_property top Instr_Decode [current_fileset]
update_compile_order -fileset sources_1
reset_run synth_1
launch_runs synth_1 -jobs 4
[Tue Apr 16 23:22:55 2019] Launched synth_1...
Run output will be captured here: C:/Users/q1109/Downloads/MIPS-master/MIPS32.runs/synth_1/runme.log
reset_run synth_1
WARNING: [Vivado 12-1017] Problems encountered:
1. Failed to delete one or more files in run directory C:/Users/q1109/Downloads/MIPS-master/MIPS32.runs/synth_1

launch_runs synth_1 -jobs 4
[Tue Apr 16 23:25:27 2019] Launched synth_1...
Run output will be captured here: C:/Users/q1109/Downloads/MIPS-master/MIPS32.runs/synth_1/runme.log
reset_run synth_1
WARNING: [Vivado 12-1017] Problems encountered:
1. Failed to delete one or more files in run directory C:/Users/q1109/Downloads/MIPS-master/MIPS32.runs/synth_1

launch_runs synth_1 -jobs 4
[Tue Apr 16 23:27:34 2019] Launched synth_1...
Run output will be captured here: C:/Users/q1109/Downloads/MIPS-master/MIPS32.runs/synth_1/runme.log
open_run synth_1 -name synth_1
Design is defaulting to impl run constrset: constrs_1
Design is defaulting to synth run part: xc7a50tcpg236-3
INFO: [Netlist 29-17] Analyzing 24 Unisim elements for replacement
INFO: [Netlist 29-28] Unisim Transformation completed in 0 CPU seconds
INFO: [Project 1-479] Netlist was created with Vivado 2018.2
INFO: [Device 21-403] Loading part xc7a50tcpg236-3
INFO: [Project 1-570] Preparing netlist for logic optimization
INFO: [Opt 31-138] Pushed 0 inverter(s) to 0 load pin(s).
INFO: [Project 1-111] Unisim Transformation Summary:
No Unisim elements were transformed.

open_run: Time (s): cpu = 00:00:19 ; elapsed = 00:00:15 . Memory (MB): peak = 1322.094 ; gain = 389.668
launch_simulation
INFO: [Vivado 12-5682] Launching behavioral simulation in 'C:/Users/q1109/Downloads/MIPS-master/MIPS32.sim/sim_1/behav/xsim'
INFO: [SIM-utils-51] Simulation object is 'sim_1'
INFO: [SIM-utils-54] Inspecting design source files for 'test_bench' in fileset 'sim_1'...
INFO: [USF-XSim-97] Finding global include files...
INFO: [USF-XSim-98] Fetching design files from 'sim_1'...
INFO: [USF-XSim-2] XSim::Compile design
INFO: [USF-XSim-61] Executing 'COMPILE and ANALYZE' step in 'C:/Users/q1109/Downloads/MIPS-master/MIPS32.sim/sim_1/behav/xsim'
"xvlog --incr --relax -prj test_bench_vlog.prj"
INFO: [VRFC 10-2263] Analyzing Verilog file "C:/Users/q1109/Downloads/MIPS-master/MIPS32.srcs/sources_1/new/Decoder.v" into library xil_defaultlib
INFO: [VRFC 10-311] analyzing module Decoder
INFO: [VRFC 10-2263] Analyzing Verilog file "C:/Users/q1109/Downloads/MIPS-master/MIPS32.srcs/sources_1/new/Instr_Decode.v" into library xil_defaultlib
INFO: [VRFC 10-311] analyzing module Instr_Decode
INFO: [VRFC 10-2263] Analyzing Verilog file "C:/Users/q1109/Downloads/MIPS-master/MIPS32.srcs/sources_1/new/Regiters.v" into library xil_defaultlib
INFO: [VRFC 10-311] analyzing module Regiters
INFO: [VRFC 10-2263] Analyzing Verilog file "C:/Users/q1109/Downloads/MIPS-master/MIPS32.srcs/sim_1/new/TestBench.v" into library xil_defaultlib
WARNING: [VRFC 10-998] macro NonAddr redefined [C:/Users/q1109/Downloads/MIPS-master/MIPS32.srcs/sim_1/new/TestDefine.v:9]
WARNING: [VRFC 10-998] macro NonData redefined [C:/Users/q1109/Downloads/MIPS-master/MIPS32.srcs/sim_1/new/TestDefine.v:22]
INFO: [VRFC 10-311] analyzing module test_bench
INFO: [VRFC 10-2263] Analyzing Verilog file "C:/Users/q1109/Downloads/MIPS-master/MIPS32.sim/sim_1/behav/xsim/glbl.v" into library xil_defaultlib
INFO: [VRFC 10-311] analyzing module glbl
run_program: Time (s): cpu = 00:00:00 ; elapsed = 00:00:05 . Memory (MB): peak = 1778.379 ; gain = 0.000
INFO: [USF-XSim-69] 'compile' step finished in '5' seconds
INFO: [USF-XSim-3] XSim::Elaborate design
INFO: [USF-XSim-61] Executing 'ELABORATE' step in 'C:/Users/q1109/Downloads/MIPS-master/MIPS32.sim/sim_1/behav/xsim'
Vivado Simulator 2018.2
Copyright 1986-1999, 2001-2018 Xilinx, Inc. All Rights Reserved.
Running: C:/Xilinx/Vivado/2018.2/bin/unwrapped/win64.o/xelab.exe -wto f0810ab1def44928a26f705a9363a1a3 --incr --debug typical --relax --mt 2 -L xil_defaultlib -L unisims_ver -L unimacro_ver -L secureip --snapshot test_bench_behav xil_defaultlib.test_bench xil_defaultlib.glbl -log elaborate.log 
Using 2 slave threads.
Starting static elaboration
Completed static elaboration
Starting simulation data flow analysis
Completed simulation data flow analysis
Time Resolution for simulation is 1ps
Compiling module xil_defaultlib.Decoder
Compiling module xil_defaultlib.Regiters
Compiling module xil_defaultlib.Instr_Decode
Compiling module xil_defaultlib.test_bench
Compiling module xil_defaultlib.glbl
Built simulation snapshot test_bench_behav

****** Webtalk v2018.2 (64-bit)
  **** SW Build 2258646 on Thu Jun 14 20:03:12 MDT 2018
  **** IP Build 2256618 on Thu Jun 14 22:10:49 MDT 2018
    ** Copyright 1986-2018 Xilinx, Inc. All Rights Reserved.

source C:/Users/q1109/Downloads/MIPS-master/MIPS32.sim/sim_1/behav/xsim/xsim.dir/test_bench_behav/webtalk/xsim_webtalk.tcl -notrace
webtalk_transmit: Time (s): cpu = 00:00:00 ; elapsed = 00:00:14 . Memory (MB): peak = 55.793 ; gain = 1.621
INFO: [Common 17-206] Exiting Webtalk at Tue Apr 16 23:38:17 2019...
run_program: Time (s): cpu = 00:00:01 ; elapsed = 00:00:25 . Memory (MB): peak = 1778.379 ; gain = 0.000
INFO: [USF-XSim-69] 'elaborate' step finished in '26' seconds
INFO: [USF-XSim-4] XSim::Simulate design
INFO: [USF-XSim-61] Executing 'SIMULATE' step in 'C:/Users/q1109/Downloads/MIPS-master/MIPS32.sim/sim_1/behav/xsim'
INFO: [USF-XSim-98] *** Running xsim
   with args "test_bench_behav -key {Behavioral:sim_1:Functional:test_bench} -tclbatch {test_bench.tcl} -log {simulate.log}"
INFO: [USF-XSim-8] Loading simulator feature
Vivado Simulator 2018.2
Time resolution is 1 ps
source test_bench.tcl
# set curr_wave [current_wave_config]
# if { [string length $curr_wave] == 0 } {
#   if { [llength [get_objects]] > 0} {
#     add_wave /
#     set_property needs_save false [current_wave_config]
#   } else {
#      send_msg_id Add_Wave-1 WARNING "No top level signals found. Simulator will start without a wave window. If you want to open a wave window go to 'File->New Waveform Configuration' or type 'create_wave_config' in the TCL console."
#   }
# }
# run 1000ns
INFO: [USF-XSim-96] XSim completed. Design snapshot 'test_bench_behav' loaded.
INFO: [USF-XSim-97] XSim simulation ran for 1000ns
launch_simulation: Time (s): cpu = 00:00:04 ; elapsed = 00:00:36 . Memory (MB): peak = 1788.250 ; gain = 9.871
close_sim
INFO: [Simtcl 6-16] Simulation closed
close_sim: Time (s): cpu = 00:00:02 ; elapsed = 00:00:18 . Memory (MB): peak = 1793.984 ; gain = 0.000
exit
INFO: [Common 17-206] Exiting Vivado at Tue Apr 16 23:39:55 2019...
