#-----------------------------------------------------------
# Vivado v2018.2 (64-bit)
# SW Build 2258646 on Thu Jun 14 20:03:12 MDT 2018
# IP Build 2256618 on Thu Jun 14 22:10:49 MDT 2018
# Start of session at: Wed Apr 17 00:00:59 2019
# Process ID: 3788
# Current directory: C:/Users/q1109/Documents/VivadoProject/MIPS32
# Command line: vivado.exe -gui_launcher_event rodinguilauncherevent2744 C:\Users\q1109\Documents\VivadoProject\MIPS32\MIPS32.xpr
# Log file: C:/Users/q1109/Documents/VivadoProject/MIPS32/vivado.log
# Journal file: C:/Users/q1109/Documents/VivadoProject/MIPS32\vivado.jou
#-----------------------------------------------------------
start_gui
open_project C:/Users/q1109/Documents/VivadoProject/MIPS32/MIPS32.xpr
Scanning sources...
Finished scanning sources
INFO: [IP_Flow 19-234] Refreshing IP repositories
INFO: [IP_Flow 19-1704] No user IP repositories specified
INFO: [IP_Flow 19-2313] Loaded Vivado IP repository 'C:/Xilinx/Vivado/2018.2/data/ip'.
open_project: Time (s): cpu = 00:00:13 ; elapsed = 00:00:07 . Memory (MB): peak = 871.734 ; gain = 132.797
update_compile_order -fileset sources_1
exit
INFO: [Common 17-206] Exiting Vivado at Wed Apr 17 00:01:32 2019...
