#-----------------------------------------------------------
# Vivado v2018.2 (64-bit)
# SW Build 2258646 on Thu Jun 14 20:03:12 MDT 2018
# IP Build 2256618 on Thu Jun 14 22:10:49 MDT 2018
# Start of session at: Tue Apr 16 22:50:53 2019
# Process ID: 15428
# Current directory: C:/Users/q1109/Downloads/MIPS-master
# Command line: vivado.exe -gui_launcher_event rodinguilauncherevent9032 C:\Users\q1109\Downloads\MIPS-master\MIPS32.xpr
# Log file: C:/Users/q1109/Downloads/MIPS-master/vivado.log
# Journal file: C:/Users/q1109/Downloads/MIPS-master\vivado.jou
#-----------------------------------------------------------
start_gui
open_project C:/Users/q1109/Downloads/MIPS-master/MIPS32.xpr
INFO: [Project 1-313] Project file moved from 'C:/Users/q1109/Documents/VivadoProject/MIPS32' since last save.
Scanning sources...
Finished scanning sources
INFO: [IP_Flow 19-234] Refreshing IP repositories
INFO: [IP_Flow 19-1704] No user IP repositories specified
INFO: [IP_Flow 19-2313] Loaded Vivado IP repository 'C:/Xilinx/Vivado/2018.2/data/ip'.
open_project: Time (s): cpu = 00:00:13 ; elapsed = 00:00:14 . Memory (MB): peak = 833.316 ; gain = 110.520
update_compile_order -fileset sources_1
set_property top Decoder [current_fileset]
update_compile_order -fileset sources_1
update_compile_order -fileset sources_1
export_ip_user_files -of_objects  [get_files C:/Users/q1109/Downloads/MIPS-master/MIPS32.srcs/sources_1/new/Decoder.v] -no_script -reset -force -quiet
remove_files  C:/Users/q1109/Downloads/MIPS-master/MIPS32.srcs/sources_1/new/Decoder.v
file delete -force C:/Users/q1109/Downloads/MIPS-master/MIPS32.srcs/sources_1/new/Decoder.v
ERROR: [Vivado 12-106] *** Exception: java.lang.NullPointerException (See C:/Users/q1109/Downloads/MIPS-master/vivado_pid15428.debug)
update_compile_order -fileset sources_1
update_compile_order -fileset sources_1
close [ open C:/Users/q1109/Downloads/MIPS-master/MIPS32.srcs/sources_1/new/Decoder.v w ]
add_files C:/Users/q1109/Downloads/MIPS-master/MIPS32.srcs/sources_1/new/Decoder.v
update_compile_order -fileset sources_1
export_ip_user_files -of_objects  [get_files C:/Users/q1109/Downloads/MIPS-master/MIPS32.srcs/sources_1/new/Decoder.v] -no_script -reset -force -quiet
remove_files  C:/Users/q1109/Downloads/MIPS-master/MIPS32.srcs/sources_1/new/Decoder.v
file delete -force C:/Users/q1109/Downloads/MIPS-master/MIPS32.srcs/sources_1/new/Decoder.v
close [ open C:/Users/q1109/Downloads/MIPS-master/MIPS32.srcs/sources_1/new/decoder.v w ]
add_files C:/Users/q1109/Downloads/MIPS-master/MIPS32.srcs/sources_1/new/decoder.v
update_compile_order -fileset sources_1
export_ip_user_files -of_objects  [get_files C:/Users/q1109/Downloads/MIPS-master/MIPS32.srcs/sources_1/new/decoder.v] -no_script -reset -force -quiet
remove_files  C:/Users/q1109/Downloads/MIPS-master/MIPS32.srcs/sources_1/new/decoder.v
file delete -force C:/Users/q1109/Downloads/MIPS-master/MIPS32.srcs/sources_1/new/decoder.v
exit
INFO: [Common 17-206] Exiting Vivado at Tue Apr 16 22:57:20 2019...
