Vivado Simulator 2018.2
Time resolution is 1 ps
Stopped at time : 0 fs : File "C:/Users/q1109/Documents/VivadoProject/MIPS32/MIPS32.srcs/sources_1/new/Regiters.v" Line 56
Stopped at time : 0 fs : File "C:/Users/q1109/Documents/VivadoProject/MIPS32/MIPS32.srcs/sources_1/new/Regiters.v" Line 60
Stopped at time : 0 fs : File "C:/Users/q1109/Documents/VivadoProject/MIPS32/MIPS32.srcs/sources_1/new/Regiters.v" Line 64
Stopped at time : 0 fs : File "C:/Users/q1109/Documents/VivadoProject/MIPS32/MIPS32.srcs/sources_1/new/Regiters.v" Line 68
Stopped at time : 0 fs : File "C:/Users/q1109/Documents/VivadoProject/MIPS32/MIPS32.srcs/sources_1/new/Regiters.v" Line 72
Stopped at time : 0 fs : File "C:/Users/q1109/Documents/VivadoProject/MIPS32/MIPS32.srcs/sources_1/new/Regiters.v" Line 76
Stopped at time : 0 fs : File "C:/Users/q1109/Documents/VivadoProject/MIPS32/MIPS32.srcs/sources_1/new/Regiters.v" Line 80
Stopped at time : 0 fs : File "C:/Users/q1109/Documents/VivadoProject/MIPS32/MIPS32.srcs/sources_1/new/Regiters.v" Line 84
Stopped at time : 0 fs : File "C:/Users/q1109/Documents/VivadoProject/MIPS32/MIPS32.srcs/sources_1/new/Regiters.v" Line 88
Stopped at time : 0 fs : File "C:/Users/q1109/Documents/VivadoProject/MIPS32/MIPS32.srcs/sources_1/new/Regiters.v" Line 92
Stopped at time : 0 fs : File "C:/Users/q1109/Documents/VivadoProject/MIPS32/MIPS32.srcs/sources_1/new/Regiters.v" Line 126
Stopped at time : 0 fs : File "C:/Users/q1109/Documents/VivadoProject/MIPS32/MIPS32.srcs/sources_1/new/Regiters.v" Line 156
Stopped at time : 0 fs : File "C:/Users/q1109/Documents/VivadoProject/MIPS32/MIPS32.srcs/sources_1/new/Regiters.v" Line 185
Stopped at time : 0 fs : File "C:/Users/q1109/Documents/VivadoProject/MIPS32/MIPS32.srcs/sources_1/new/Regiters.v" Line 54
Stopped at time : 0 fs : File "C:/Users/q1109/Documents/VivadoProject/MIPS32/MIPS32.srcs/sources_1/new/Regiters.v" Line 55
Stopped at time : 0 fs : File "C:/Users/q1109/Documents/VivadoProject/MIPS32/MIPS32.sim/sim_1/behav/xsim/glbl.v" Line 52
Stopped at time : 0 fs : File "C:/Users/q1109/Documents/VivadoProject/MIPS32/MIPS32.sim/sim_1/behav/xsim/glbl.v" Line 53
Stopped at time : 0 fs : File "C:/Users/q1109/Documents/VivadoProject/MIPS32/MIPS32.sim/sim_1/behav/xsim/glbl.v" Line 54
Stopped at time : 0 fs : File "C:/Users/q1109/Documents/VivadoProject/MIPS32/MIPS32.sim/sim_1/behav/xsim/glbl.v" Line 17
Stopped at time : 0 fs : File "C:/Users/q1109/Documents/VivadoProject/MIPS32/MIPS32.srcs/sources_1/new/Regiters.v" Line 101
Stopped at time : 0 fs : File "C:/Users/q1109/Documents/VivadoProject/MIPS32/MIPS32.sim/sim_1/behav/xsim/glbl.v" Line 42
Stopped at time : 0 fs : File "C:/Users/q1109/Documents/VivadoProject/MIPS32/MIPS32.sim/sim_1/behav/xsim/glbl.v" Line 43
Stopped at time : 0 fs : File "C:/Users/q1109/Documents/VivadoProject/MIPS32/MIPS32.sim/sim_1/behav/xsim/glbl.v" Line 44
Stopped at time : 0 fs : File "C:/Users/q1109/Documents/VivadoProject/MIPS32/MIPS32.sim/sim_1/behav/xsim/glbl.v" Line 45
Stopped at time : 0 fs : File "C:/Users/q1109/Documents/VivadoProject/MIPS32/MIPS32.sim/sim_1/behav/xsim/glbl.v" Line 47
Stopped at time : 0 fs : File "C:/Users/q1109/Documents/VivadoProject/MIPS32/MIPS32.sim/sim_1/behav/xsim/glbl.v" Line 48
Stopped at time : 0 fs : File "C:/Users/q1109/Documents/VivadoProject/MIPS32/MIPS32.sim/sim_1/behav/xsim/glbl.v" Line 49
Stopped at time : 0 fs : File "C:/Users/q1109/Documents/VivadoProject/MIPS32/MIPS32.sim/sim_1/behav/xsim/glbl.v" Line 50
Stopped at time : 0 fs : File "C:/Users/q1109/Documents/VivadoProject/MIPS32/MIPS32.srcs/sources_1/new/Regiters.v" Line 109
Stopped at time : 0 fs : File "C:/Users/q1109/Documents/VivadoProject/MIPS32/MIPS32.srcs/sources_1/new/Regiters.v" Line 110
Stopped at time : 0 fs : File "C:/Users/q1109/Documents/VivadoProject/MIPS32/MIPS32.srcs/sources_1/new/Regiters.v" Line 111
Stopped at time : 0 fs : File "C:/Users/q1109/Documents/VivadoProject/MIPS32/MIPS32.srcs/sources_1/new/Regiters.v" Line 112
Stopped at time : 0 fs : File "C:/Users/q1109/Documents/VivadoProject/MIPS32/MIPS32.srcs/sources_1/new/Regiters.v" Line 113
Stopped at time : 0 fs : File "C:/Users/q1109/Documents/VivadoProject/MIPS32/MIPS32.srcs/sources_1/new/Regiters.v" Line 114
Stopped at time : 0 fs : File "C:/Users/q1109/Documents/VivadoProject/MIPS32/MIPS32.srcs/sources_1/new/Regiters.v" Line 115
Stopped at time : 0 fs : File "C:/Users/q1109/Documents/VivadoProject/MIPS32/MIPS32.srcs/sources_1/new/Regiters.v" Line 116
Stopped at time : 0 fs : File "C:/Users/q1109/Documents/VivadoProject/MIPS32/MIPS32.srcs/sources_1/new/Regiters.v" Line 117
Stopped at time : 0 fs : File "C:/Users/q1109/Documents/VivadoProject/MIPS32/MIPS32.srcs/sources_1/new/Regiters.v" Line 118
Stopped at time : 0 fs : File "C:/Users/q1109/Documents/VivadoProject/MIPS32/MIPS32.srcs/sources_1/new/Regiters.v" Line 119
Stopped at time : 0 fs : File "C:/Users/q1109/Documents/VivadoProject/MIPS32/MIPS32.srcs/sources_1/new/Regiters.v" Line 120
Stopped at time : 0 fs : File "C:/Users/q1109/Documents/VivadoProject/MIPS32/MIPS32.srcs/sources_1/new/Regiters.v" Line 121
Stopped at time : 0 fs : File "C:/Users/q1109/Documents/VivadoProject/MIPS32/MIPS32.srcs/sources_1/new/Regiters.v" Line 122
Stopped at time : 0 fs : File "C:/Users/q1109/Documents/VivadoProject/MIPS32/MIPS32.srcs/sim_1/new/TestBench.v" Line 53
Stopped at time : 0 fs : File "C:/Users/q1109/Documents/VivadoProject/MIPS32/MIPS32.srcs/sim_1/new/TestBench.v" Line 54
Stopped at time : 0 fs : File "C:/Users/q1109/Documents/VivadoProject/MIPS32/MIPS32.srcs/sim_1/new/TestBench.v" Line 67
Stopped at time : 0 fs : File "C:/Users/q1109/Documents/VivadoProject/MIPS32/MIPS32.srcs/sim_1/new/TestBench.v" Line 68
Stopped at time : 0 fs : File "C:/Users/q1109/Documents/VivadoProject/MIPS32/MIPS32.srcs/sim_1/new/TestBench.v" Line 69
Stopped at time : 0 fs : File "C:/Users/q1109/Documents/VivadoProject/MIPS32/MIPS32.srcs/sim_1/new/TestBench.v" Line 71
Stopped at time : 0 fs : File "C:/Users/q1109/Documents/VivadoProject/MIPS32/MIPS32.sim/sim_1/behav/xsim/glbl.v" Line 57
Stopped at time : 0 fs : File "C:/Users/q1109/Documents/VivadoProject/MIPS32/MIPS32.sim/sim_1/behav/xsim/glbl.v" Line 58
Stopped at time : 0 fs : File "C:/Users/q1109/Documents/VivadoProject/MIPS32/MIPS32.sim/sim_1/behav/xsim/glbl.v" Line 59
Stopped at time : 0 fs : File "C:/Users/q1109/Documents/VivadoProject/MIPS32/MIPS32.sim/sim_1/behav/xsim/glbl.v" Line 65
Stopped at time : 0 fs : File "C:/Users/q1109/Documents/VivadoProject/MIPS32/MIPS32.sim/sim_1/behav/xsim/glbl.v" Line 66
Stopped at time : 0 fs : File "C:/Users/q1109/Documents/VivadoProject/MIPS32/MIPS32.srcs/sources_1/new/Regiters.v" Line 54
Stopped at time : 0 fs : File "C:/Users/q1109/Documents/VivadoProject/MIPS32/MIPS32.srcs/sources_1/new/Regiters.v" Line 55
Stopped at time : 0 fs : File "C:/Users/q1109/Documents/VivadoProject/MIPS32/MIPS32.sim/sim_1/behav/xsim/glbl.v" Line 52
Stopped at time : 0 fs : File "C:/Users/q1109/Documents/VivadoProject/MIPS32/MIPS32.sim/sim_1/behav/xsim/glbl.v" Line 54
Stopped at time : 0 fs : File "C:/Users/q1109/Documents/VivadoProject/MIPS32/MIPS32.sim/sim_1/behav/xsim/glbl.v" Line 53
Stopped at time : 0 fs : File "C:/Users/q1109/Documents/VivadoProject/MIPS32/MIPS32.srcs/sources_1/new/Regiters.v" Line 62
Stopped at time : 0 fs : File "C:/Users/q1109/Documents/VivadoProject/MIPS32/MIPS32.srcs/sources_1/new/Regiters.v" Line 60
Stopped at time : 0 fs : File "C:/Users/q1109/Documents/VivadoProject/MIPS32/MIPS32.srcs/sources_1/new/Regiters.v" Line 94
Stopped at time : 0 fs : File "C:/Users/q1109/Documents/VivadoProject/MIPS32/MIPS32.srcs/sources_1/new/Regiters.v" Line 92
Stopped at time : 0 fs : File "C:/Users/q1109/Documents/VivadoProject/MIPS32/MIPS32.srcs/sources_1/new/Regiters.v" Line 90
Stopped at time : 0 fs : File "C:/Users/q1109/Documents/VivadoProject/MIPS32/MIPS32.srcs/sources_1/new/Regiters.v" Line 88
Stopped at time : 0 fs : File "C:/Users/q1109/Documents/VivadoProject/MIPS32/MIPS32.srcs/sources_1/new/Regiters.v" Line 82
Stopped at time : 0 fs : File "C:/Users/q1109/Documents/VivadoProject/MIPS32/MIPS32.srcs/sources_1/new/Regiters.v" Line 80
Stopped at time : 0 fs : File "C:/Users/q1109/Documents/VivadoProject/MIPS32/MIPS32.srcs/sources_1/new/Regiters.v" Line 74
Stopped at time : 0 fs : File "C:/Users/q1109/Documents/VivadoProject/MIPS32/MIPS32.srcs/sources_1/new/Regiters.v" Line 72
Stopped at time : 0 fs : File "C:/Users/q1109/Documents/VivadoProject/MIPS32/MIPS32.sim/sim_1/behav/xsim/glbl.v" Line 67
Stopped at time : 0 fs : File "C:/Users/q1109/Documents/VivadoProject/MIPS32/MIPS32.sim/sim_1/behav/xsim/glbl.v" Line 53
Stopped at time : 1 ns : File "C:/Users/q1109/Documents/VivadoProject/MIPS32/MIPS32.srcs/sim_1/new/TestBench.v" Line 54
Stopped at time : 1 ns : File "C:/Users/q1109/Documents/VivadoProject/MIPS32/MIPS32.srcs/sim_1/new/TestBench.v" Line 55
Stopped at time : 1 ns : File "C:/Users/q1109/Documents/VivadoProject/MIPS32/MIPS32.srcs/sim_1/new/TestBench.v" Line 56
Stopped at time : 1 ns : File "C:/Users/q1109/Documents/VivadoProject/MIPS32/MIPS32.srcs/sim_1/new/TestBench.v" Line 57
Stopped at time : 1 ns : File "C:/Users/q1109/Documents/VivadoProject/MIPS32/MIPS32.srcs/sim_1/new/TestBench.v" Line 58
Stopped at time : 1 ns : File "C:/Users/q1109/Documents/VivadoProject/MIPS32/MIPS32.srcs/sim_1/new/TestBench.v" Line 59
Stopped at time : 1 ns : File "C:/Users/q1109/Documents/VivadoProject/MIPS32/MIPS32.srcs/sim_1/new/TestBench.v" Line 60
Stopped at time : 1 ns : File "C:/Users/q1109/Documents/VivadoProject/MIPS32/MIPS32.srcs/sources_1/new/Regiters.v" Line 58
Stopped at time : 1 ns : File "C:/Users/q1109/Documents/VivadoProject/MIPS32/MIPS32.srcs/sources_1/new/Regiters.v" Line 56
Stopped at time : 1 ns : File "C:/Users/q1109/Documents/VivadoProject/MIPS32/MIPS32.srcs/sources_1/new/Regiters.v" Line 86
Stopped at time : 1 ns : File "C:/Users/q1109/Documents/VivadoProject/MIPS32/MIPS32.srcs/sources_1/new/Regiters.v" Line 84
Stopped at time : 1 ns : File "C:/Users/q1109/Documents/VivadoProject/MIPS32/MIPS32.srcs/sources_1/new/Regiters.v" Line 66
Stopped at time : 1 ns : File "C:/Users/q1109/Documents/VivadoProject/MIPS32/MIPS32.srcs/sources_1/new/Regiters.v" Line 64
Stopped at time : 1 ns : File "C:/Users/q1109/Documents/VivadoProject/MIPS32/MIPS32.srcs/sources_1/new/Regiters.v" Line 78
Stopped at time : 1 ns : File "C:/Users/q1109/Documents/VivadoProject/MIPS32/MIPS32.srcs/sources_1/new/Regiters.v" Line 76
Stopped at time : 1 ns : File "C:/Users/q1109/Documents/VivadoProject/MIPS32/MIPS32.srcs/sources_1/new/Regiters.v" Line 70
Stopped at time : 1 ns : File "C:/Users/q1109/Documents/VivadoProject/MIPS32/MIPS32.srcs/sources_1/new/Regiters.v" Line 68
Stopped at time : 1 ns : File "C:/Users/q1109/Documents/VivadoProject/MIPS32/MIPS32.srcs/sources_1/new/Regiters.v" Line 62
Stopped at time : 1 ns : File "C:/Users/q1109/Documents/VivadoProject/MIPS32/MIPS32.srcs/sources_1/new/Regiters.v" Line 60
Stopped at time : 11 ns : File "C:/Users/q1109/Documents/VivadoProject/MIPS32/MIPS32.srcs/sim_1/new/TestBench.v" Line 60
Stopped at time : 11 ns : File "C:/Users/q1109/Documents/VivadoProject/MIPS32/MIPS32.srcs/sim_1/new/TestBench.v" Line 61
Stopped at time : 11 ns : File "C:/Users/q1109/Documents/VivadoProject/MIPS32/MIPS32.srcs/sources_1/new/Regiters.v" Line 58
Stopped at time : 11 ns : File "C:/Users/q1109/Documents/VivadoProject/MIPS32/MIPS32.srcs/sources_1/new/Regiters.v" Line 56
Stopped at time : 11 ns : File "C:/Users/q1109/Documents/VivadoProject/MIPS32/MIPS32.srcs/sources_1/new/Regiters.v" Line 128
Stopped at time : 11 ns : File "C:/Users/q1109/Documents/VivadoProject/MIPS32/MIPS32.srcs/sources_1/new/Regiters.v" Line 130
Stopped at time : 11 ns : File "C:/Users/q1109/Documents/VivadoProject/MIPS32/MIPS32.srcs/sources_1/new/Regiters.v" Line 132
Stopped at time : 11 ns : File "C:/Users/q1109/Documents/VivadoProject/MIPS32/MIPS32.srcs/sources_1/new/Regiters.v" Line 126
Stopped at time : 11 ns : File "C:/Users/q1109/Documents/VivadoProject/MIPS32/MIPS32.srcs/sources_1/new/Regiters.v" Line 158
Stopped at time : 11 ns : File "C:/Users/q1109/Documents/VivadoProject/MIPS32/MIPS32.srcs/sources_1/new/Regiters.v" Line 160
Stopped at time : 11 ns : File "C:/Users/q1109/Documents/VivadoProject/MIPS32/MIPS32.srcs/sources_1/new/Regiters.v" Line 162
Stopped at time : 11 ns : File "C:/Users/q1109/Documents/VivadoProject/MIPS32/MIPS32.srcs/sources_1/new/Regiters.v" Line 156
Stopped at time : 11 ns : File "C:/Users/q1109/Documents/VivadoProject/MIPS32/MIPS32.srcs/sources_1/new/Regiters.v" Line 187
Stopped at time : 11 ns : File "C:/Users/q1109/Documents/VivadoProject/MIPS32/MIPS32.srcs/sources_1/new/Regiters.v" Line 189
Stopped at time : 11 ns : File "C:/Users/q1109/Documents/VivadoProject/MIPS32/MIPS32.srcs/sources_1/new/Regiters.v" Line 191
Stopped at time : 11 ns : File "C:/Users/q1109/Documents/VivadoProject/MIPS32/MIPS32.srcs/sources_1/new/Regiters.v" Line 185
Stopped at time : 11 ns : File "C:/Users/q1109/Documents/VivadoProject/MIPS32/MIPS32.srcs/sources_1/new/Regiters.v" Line 54
Stopped at time : 11 ns : File "C:/Users/q1109/Documents/VivadoProject/MIPS32/MIPS32.srcs/sources_1/new/Regiters.v" Line 55
Stopped at time : 21 ns : File "C:/Users/q1109/Documents/VivadoProject/MIPS32/MIPS32.srcs/sim_1/new/TestBench.v" Line 61
Stopped at time : 21 ns : File "C:/Users/q1109/Documents/VivadoProject/MIPS32/MIPS32.srcs/sim_1/new/TestBench.v" Line 62
Stopped at time : 21 ns : File "C:/Users/q1109/Documents/VivadoProject/MIPS32/MIPS32.srcs/sources_1/new/Regiters.v" Line 58
Stopped at time : 21 ns : File "C:/Users/q1109/Documents/VivadoProject/MIPS32/MIPS32.srcs/sources_1/new/Regiters.v" Line 56
Stopped at time : 31 ns : File "C:/Users/q1109/Documents/VivadoProject/MIPS32/MIPS32.srcs/sim_1/new/TestBench.v" Line 62
Stopped at time : 31 ns : File "C:/Users/q1109/Documents/VivadoProject/MIPS32/MIPS32.srcs/sources_1/new/Regiters.v" Line 58
Stopped at time : 31 ns : File "C:/Users/q1109/Documents/VivadoProject/MIPS32/MIPS32.srcs/sources_1/new/Regiters.v" Line 56
Stopped at time : 31 ns : File "C:/Users/q1109/Documents/VivadoProject/MIPS32/MIPS32.srcs/sources_1/new/Regiters.v" Line 128
Stopped at time : 31 ns : File "C:/Users/q1109/Documents/VivadoProject/MIPS32/MIPS32.srcs/sources_1/new/Regiters.v" Line 130
Stopped at time : 31 ns : File "C:/Users/q1109/Documents/VivadoProject/MIPS32/MIPS32.srcs/sources_1/new/Regiters.v" Line 132
Stopped at time : 31 ns : File "C:/Users/q1109/Documents/VivadoProject/MIPS32/MIPS32.srcs/sources_1/new/Regiters.v" Line 126
Stopped at time : 31 ns : File "C:/Users/q1109/Documents/VivadoProject/MIPS32/MIPS32.srcs/sources_1/new/Regiters.v" Line 158
Stopped at time : 31 ns : File "C:/Users/q1109/Documents/VivadoProject/MIPS32/MIPS32.srcs/sources_1/new/Regiters.v" Line 160
Stopped at time : 31 ns : File "C:/Users/q1109/Documents/VivadoProject/MIPS32/MIPS32.srcs/sources_1/new/Regiters.v" Line 162
Stopped at time : 31 ns : File "C:/Users/q1109/Documents/VivadoProject/MIPS32/MIPS32.srcs/sources_1/new/Regiters.v" Line 156
Stopped at time : 31 ns : File "C:/Users/q1109/Documents/VivadoProject/MIPS32/MIPS32.srcs/sources_1/new/Regiters.v" Line 187
Stopped at time : 31 ns : File "C:/Users/q1109/Documents/VivadoProject/MIPS32/MIPS32.srcs/sources_1/new/Regiters.v" Line 189
Stopped at time : 31 ns : File "C:/Users/q1109/Documents/VivadoProject/MIPS32/MIPS32.srcs/sources_1/new/Regiters.v" Line 191
Stopped at time : 31 ns : File "C:/Users/q1109/Documents/VivadoProject/MIPS32/MIPS32.srcs/sources_1/new/Regiters.v" Line 185
Stopped at time : 100 ns : File "C:/Users/q1109/Documents/VivadoProject/MIPS32/MIPS32.sim/sim_1/behav/xsim/glbl.v" Line 60
Stopped at time : 100 ns : File "C:/Users/q1109/Documents/VivadoProject/MIPS32/MIPS32.sim/sim_1/behav/xsim/glbl.v" Line 61
Stopped at time : 100 ns : File "C:/Users/q1109/Documents/VivadoProject/MIPS32/MIPS32.sim/sim_1/behav/xsim/glbl.v" Line 52
Stopped at time : 100 ns : File "C:/Users/q1109/Documents/VivadoProject/MIPS32/MIPS32.sim/sim_1/behav/xsim/glbl.v" Line 54
Stopped at time : 0 fs : File "C:/Users/q1109/Documents/VivadoProject/MIPS32/MIPS32.srcs/sources_1/new/Regiters.v" Line 56
Stopped at time : 0 fs : File "C:/Users/q1109/Documents/VivadoProject/MIPS32/MIPS32.srcs/sources_1/new/Regiters.v" Line 60
Stopped at time : 0 fs : File "C:/Users/q1109/Documents/VivadoProject/MIPS32/MIPS32.srcs/sources_1/new/Regiters.v" Line 64
Stopped at time : 0 fs : File "C:/Users/q1109/Documents/VivadoProject/MIPS32/MIPS32.srcs/sources_1/new/Regiters.v" Line 68
Stopped at time : 0 fs : File "C:/Users/q1109/Documents/VivadoProject/MIPS32/MIPS32.srcs/sources_1/new/Regiters.v" Line 72
Stopped at time : 0 fs : File "C:/Users/q1109/Documents/VivadoProject/MIPS32/MIPS32.srcs/sources_1/new/Regiters.v" Line 76
Stopped at time : 0 fs : File "C:/Users/q1109/Documents/VivadoProject/MIPS32/MIPS32.srcs/sources_1/new/Regiters.v" Line 80
Stopped at time : 0 fs : File "C:/Users/q1109/Documents/VivadoProject/MIPS32/MIPS32.srcs/sources_1/new/Regiters.v" Line 84
Stopped at time : 0 fs : File "C:/Users/q1109/Documents/VivadoProject/MIPS32/MIPS32.srcs/sources_1/new/Regiters.v" Line 88
Stopped at time : 0 fs : File "C:/Users/q1109/Documents/VivadoProject/MIPS32/MIPS32.srcs/sources_1/new/Regiters.v" Line 92
Stopped at time : 0 fs : File "C:/Users/q1109/Documents/VivadoProject/MIPS32/MIPS32.srcs/sources_1/new/Regiters.v" Line 126
Stopped at time : 0 fs : File "C:/Users/q1109/Documents/VivadoProject/MIPS32/MIPS32.srcs/sources_1/new/Regiters.v" Line 156
Stopped at time : 0 fs : File "C:/Users/q1109/Documents/VivadoProject/MIPS32/MIPS32.srcs/sources_1/new/Regiters.v" Line 185
Stopped at time : 0 fs : File "C:/Users/q1109/Documents/VivadoProject/MIPS32/MIPS32.srcs/sources_1/new/Regiters.v" Line 54
Stopped at time : 0 fs : File "C:/Users/q1109/Documents/VivadoProject/MIPS32/MIPS32.srcs/sources_1/new/Regiters.v" Line 55
Stopped at time : 0 fs : File "C:/Users/q1109/Documents/VivadoProject/MIPS32/MIPS32.sim/sim_1/behav/xsim/glbl.v" Line 52
Stopped at time : 0 fs : File "C:/Users/q1109/Documents/VivadoProject/MIPS32/MIPS32.sim/sim_1/behav/xsim/glbl.v" Line 53
Stopped at time : 0 fs : File "C:/Users/q1109/Documents/VivadoProject/MIPS32/MIPS32.sim/sim_1/behav/xsim/glbl.v" Line 54
Stopped at time : 0 fs : File "C:/Users/q1109/Documents/VivadoProject/MIPS32/MIPS32.sim/sim_1/behav/xsim/glbl.v" Line 17
Stopped at time : 0 fs : File "C:/Users/q1109/Documents/VivadoProject/MIPS32/MIPS32.srcs/sources_1/new/Regiters.v" Line 101
Stopped at time : 0 fs : File "C:/Users/q1109/Documents/VivadoProject/MIPS32/MIPS32.sim/sim_1/behav/xsim/glbl.v" Line 42
Stopped at time : 0 fs : File "C:/Users/q1109/Documents/VivadoProject/MIPS32/MIPS32.sim/sim_1/behav/xsim/glbl.v" Line 43
Stopped at time : 0 fs : File "C:/Users/q1109/Documents/VivadoProject/MIPS32/MIPS32.sim/sim_1/behav/xsim/glbl.v" Line 44
Stopped at time : 0 fs : File "C:/Users/q1109/Documents/VivadoProject/MIPS32/MIPS32.sim/sim_1/behav/xsim/glbl.v" Line 45
Stopped at time : 0 fs : File "C:/Users/q1109/Documents/VivadoProject/MIPS32/MIPS32.sim/sim_1/behav/xsim/glbl.v" Line 47
Stopped at time : 0 fs : File "C:/Users/q1109/Documents/VivadoProject/MIPS32/MIPS32.sim/sim_1/behav/xsim/glbl.v" Line 48
Stopped at time : 0 fs : File "C:/Users/q1109/Documents/VivadoProject/MIPS32/MIPS32.sim/sim_1/behav/xsim/glbl.v" Line 49
Stopped at time : 0 fs : File "C:/Users/q1109/Documents/VivadoProject/MIPS32/MIPS32.sim/sim_1/behav/xsim/glbl.v" Line 50
Stopped at time : 0 fs : File "C:/Users/q1109/Documents/VivadoProject/MIPS32/MIPS32.srcs/sources_1/new/Regiters.v" Line 109
Stopped at time : 0 fs : File "C:/Users/q1109/Documents/VivadoProject/MIPS32/MIPS32.srcs/sources_1/new/Regiters.v" Line 110
Stopped at time : 0 fs : File "C:/Users/q1109/Documents/VivadoProject/MIPS32/MIPS32.srcs/sources_1/new/Regiters.v" Line 111
Stopped at time : 0 fs : File "C:/Users/q1109/Documents/VivadoProject/MIPS32/MIPS32.srcs/sources_1/new/Regiters.v" Line 112
Stopped at time : 0 fs : File "C:/Users/q1109/Documents/VivadoProject/MIPS32/MIPS32.srcs/sources_1/new/Regiters.v" Line 113
Stopped at time : 0 fs : File "C:/Users/q1109/Documents/VivadoProject/MIPS32/MIPS32.srcs/sources_1/new/Regiters.v" Line 114
Stopped at time : 0 fs : File "C:/Users/q1109/Documents/VivadoProject/MIPS32/MIPS32.srcs/sources_1/new/Regiters.v" Line 115
Stopped at time : 0 fs : File "C:/Users/q1109/Documents/VivadoProject/MIPS32/MIPS32.srcs/sources_1/new/Regiters.v" Line 116
Stopped at time : 0 fs : File "C:/Users/q1109/Documents/VivadoProject/MIPS32/MIPS32.srcs/sources_1/new/Regiters.v" Line 117
Stopped at time : 0 fs : File "C:/Users/q1109/Documents/VivadoProject/MIPS32/MIPS32.srcs/sources_1/new/Regiters.v" Line 118
Stopped at time : 0 fs : File "C:/Users/q1109/Documents/VivadoProject/MIPS32/MIPS32.srcs/sources_1/new/Regiters.v" Line 119
Stopped at time : 0 fs : File "C:/Users/q1109/Documents/VivadoProject/MIPS32/MIPS32.srcs/sources_1/new/Regiters.v" Line 120
Stopped at time : 0 fs : File "C:/Users/q1109/Documents/VivadoProject/MIPS32/MIPS32.srcs/sources_1/new/Regiters.v" Line 121
Stopped at time : 0 fs : File "C:/Users/q1109/Documents/VivadoProject/MIPS32/MIPS32.srcs/sources_1/new/Regiters.v" Line 122
Stopped at time : 0 fs : File "C:/Users/q1109/Documents/VivadoProject/MIPS32/MIPS32.srcs/sim_1/new/TestBench.v" Line 53
Stopped at time : 0 fs : File "C:/Users/q1109/Documents/VivadoProject/MIPS32/MIPS32.srcs/sim_1/new/TestBench.v" Line 54
Stopped at time : 0 fs : File "C:/Users/q1109/Documents/VivadoProject/MIPS32/MIPS32.srcs/sim_1/new/TestBench.v" Line 67
Stopped at time : 0 fs : File "C:/Users/q1109/Documents/VivadoProject/MIPS32/MIPS32.srcs/sim_1/new/TestBench.v" Line 68
Stopped at time : 0 fs : File "C:/Users/q1109/Documents/VivadoProject/MIPS32/MIPS32.srcs/sim_1/new/TestBench.v" Line 69
Stopped at time : 0 fs : File "C:/Users/q1109/Documents/VivadoProject/MIPS32/MIPS32.srcs/sim_1/new/TestBench.v" Line 71
Stopped at time : 0 fs : File "C:/Users/q1109/Documents/VivadoProject/MIPS32/MIPS32.sim/sim_1/behav/xsim/glbl.v" Line 57
Stopped at time : 0 fs : File "C:/Users/q1109/Documents/VivadoProject/MIPS32/MIPS32.sim/sim_1/behav/xsim/glbl.v" Line 58
Stopped at time : 0 fs : File "C:/Users/q1109/Documents/VivadoProject/MIPS32/MIPS32.sim/sim_1/behav/xsim/glbl.v" Line 59
Stopped at time : 0 fs : File "C:/Users/q1109/Documents/VivadoProject/MIPS32/MIPS32.sim/sim_1/behav/xsim/glbl.v" Line 65
Stopped at time : 0 fs : File "C:/Users/q1109/Documents/VivadoProject/MIPS32/MIPS32.sim/sim_1/behav/xsim/glbl.v" Line 66
Stopped at time : 0 fs : File "C:/Users/q1109/Documents/VivadoProject/MIPS32/MIPS32.srcs/sources_1/new/Regiters.v" Line 54
Stopped at time : 0 fs : File "C:/Users/q1109/Documents/VivadoProject/MIPS32/MIPS32.srcs/sources_1/new/Regiters.v" Line 55
Stopped at time : 0 fs : File "C:/Users/q1109/Documents/VivadoProject/MIPS32/MIPS32.sim/sim_1/behav/xsim/glbl.v" Line 52
Stopped at time : 0 fs : File "C:/Users/q1109/Documents/VivadoProject/MIPS32/MIPS32.sim/sim_1/behav/xsim/glbl.v" Line 54
Stopped at time : 0 fs : File "C:/Users/q1109/Documents/VivadoProject/MIPS32/MIPS32.sim/sim_1/behav/xsim/glbl.v" Line 53
Stopped at time : 0 fs : File "C:/Users/q1109/Documents/VivadoProject/MIPS32/MIPS32.srcs/sources_1/new/Regiters.v" Line 62
Stopped at time : 0 fs : File "C:/Users/q1109/Documents/VivadoProject/MIPS32/MIPS32.srcs/sources_1/new/Regiters.v" Line 60
Stopped at time : 0 fs : File "C:/Users/q1109/Documents/VivadoProject/MIPS32/MIPS32.srcs/sources_1/new/Regiters.v" Line 94
Stopped at time : 0 fs : File "C:/Users/q1109/Documents/VivadoProject/MIPS32/MIPS32.srcs/sources_1/new/Regiters.v" Line 92
Stopped at time : 0 fs : File "C:/Users/q1109/Documents/VivadoProject/MIPS32/MIPS32.srcs/sources_1/new/Regiters.v" Line 90
Stopped at time : 0 fs : File "C:/Users/q1109/Documents/VivadoProject/MIPS32/MIPS32.srcs/sources_1/new/Regiters.v" Line 88
Stopped at time : 0 fs : File "C:/Users/q1109/Documents/VivadoProject/MIPS32/MIPS32.srcs/sources_1/new/Regiters.v" Line 82
Stopped at time : 0 fs : File "C:/Users/q1109/Documents/VivadoProject/MIPS32/MIPS32.srcs/sources_1/new/Regiters.v" Line 80
Stopped at time : 0 fs : File "C:/Users/q1109/Documents/VivadoProject/MIPS32/MIPS32.srcs/sources_1/new/Regiters.v" Line 74
Stopped at time : 0 fs : File "C:/Users/q1109/Documents/VivadoProject/MIPS32/MIPS32.srcs/sources_1/new/Regiters.v" Line 72
Stopped at time : 0 fs : File "C:/Users/q1109/Documents/VivadoProject/MIPS32/MIPS32.sim/sim_1/behav/xsim/glbl.v" Line 67
Stopped at time : 0 fs : File "C:/Users/q1109/Documents/VivadoProject/MIPS32/MIPS32.sim/sim_1/behav/xsim/glbl.v" Line 53
Stopped at time : 1 ns : File "C:/Users/q1109/Documents/VivadoProject/MIPS32/MIPS32.srcs/sim_1/new/TestBench.v" Line 54
Stopped at time : 1 ns : File "C:/Users/q1109/Documents/VivadoProject/MIPS32/MIPS32.srcs/sim_1/new/TestBench.v" Line 55
Stopped at time : 1 ns : File "C:/Users/q1109/Documents/VivadoProject/MIPS32/MIPS32.srcs/sim_1/new/TestBench.v" Line 56
Stopped at time : 1 ns : File "C:/Users/q1109/Documents/VivadoProject/MIPS32/MIPS32.srcs/sim_1/new/TestBench.v" Line 57
Stopped at time : 1 ns : File "C:/Users/q1109/Documents/VivadoProject/MIPS32/MIPS32.srcs/sim_1/new/TestBench.v" Line 58
Stopped at time : 1 ns : File "C:/Users/q1109/Documents/VivadoProject/MIPS32/MIPS32.srcs/sim_1/new/TestBench.v" Line 59
Stopped at time : 1 ns : File "C:/Users/q1109/Documents/VivadoProject/MIPS32/MIPS32.srcs/sim_1/new/TestBench.v" Line 60
Stopped at time : 1 ns : File "C:/Users/q1109/Documents/VivadoProject/MIPS32/MIPS32.srcs/sources_1/new/Regiters.v" Line 58
Stopped at time : 1 ns : File "C:/Users/q1109/Documents/VivadoProject/MIPS32/MIPS32.srcs/sources_1/new/Regiters.v" Line 56
Stopped at time : 1 ns : File "C:/Users/q1109/Documents/VivadoProject/MIPS32/MIPS32.srcs/sources_1/new/Regiters.v" Line 86
Stopped at time : 1 ns : File "C:/Users/q1109/Documents/VivadoProject/MIPS32/MIPS32.srcs/sources_1/new/Regiters.v" Line 84
Stopped at time : 1 ns : File "C:/Users/q1109/Documents/VivadoProject/MIPS32/MIPS32.srcs/sources_1/new/Regiters.v" Line 66
Stopped at time : 1 ns : File "C:/Users/q1109/Documents/VivadoProject/MIPS32/MIPS32.srcs/sources_1/new/Regiters.v" Line 64
Stopped at time : 1 ns : File "C:/Users/q1109/Documents/VivadoProject/MIPS32/MIPS32.srcs/sources_1/new/Regiters.v" Line 78
Stopped at time : 1 ns : File "C:/Users/q1109/Documents/VivadoProject/MIPS32/MIPS32.srcs/sources_1/new/Regiters.v" Line 76
Stopped at time : 1 ns : File "C:/Users/q1109/Documents/VivadoProject/MIPS32/MIPS32.srcs/sources_1/new/Regiters.v" Line 70
Stopped at time : 1 ns : File "C:/Users/q1109/Documents/VivadoProject/MIPS32/MIPS32.srcs/sources_1/new/Regiters.v" Line 68
Stopped at time : 1 ns : File "C:/Users/q1109/Documents/VivadoProject/MIPS32/MIPS32.srcs/sources_1/new/Regiters.v" Line 62
Stopped at time : 1 ns : File "C:/Users/q1109/Documents/VivadoProject/MIPS32/MIPS32.srcs/sources_1/new/Regiters.v" Line 60
Stopped at time : 11 ns : File "C:/Users/q1109/Documents/VivadoProject/MIPS32/MIPS32.srcs/sim_1/new/TestBench.v" Line 60
Stopped at time : 11 ns : File "C:/Users/q1109/Documents/VivadoProject/MIPS32/MIPS32.srcs/sim_1/new/TestBench.v" Line 61
Stopped at time : 11 ns : File "C:/Users/q1109/Documents/VivadoProject/MIPS32/MIPS32.srcs/sources_1/new/Regiters.v" Line 58
Stopped at time : 11 ns : File "C:/Users/q1109/Documents/VivadoProject/MIPS32/MIPS32.srcs/sources_1/new/Regiters.v" Line 56
Stopped at time : 11 ns : File "C:/Users/q1109/Documents/VivadoProject/MIPS32/MIPS32.srcs/sources_1/new/Regiters.v" Line 128
Stopped at time : 11 ns : File "C:/Users/q1109/Documents/VivadoProject/MIPS32/MIPS32.srcs/sources_1/new/Regiters.v" Line 130
Stopped at time : 11 ns : File "C:/Users/q1109/Documents/VivadoProject/MIPS32/MIPS32.srcs/sources_1/new/Regiters.v" Line 132
Stopped at time : 11 ns : File "C:/Users/q1109/Documents/VivadoProject/MIPS32/MIPS32.srcs/sources_1/new/Regiters.v" Line 126
Stopped at time : 11 ns : File "C:/Users/q1109/Documents/VivadoProject/MIPS32/MIPS32.srcs/sources_1/new/Regiters.v" Line 158
Stopped at time : 11 ns : File "C:/Users/q1109/Documents/VivadoProject/MIPS32/MIPS32.srcs/sources_1/new/Regiters.v" Line 160
Stopped at time : 11 ns : File "C:/Users/q1109/Documents/VivadoProject/MIPS32/MIPS32.srcs/sources_1/new/Regiters.v" Line 162
Stopped at time : 11 ns : File "C:/Users/q1109/Documents/VivadoProject/MIPS32/MIPS32.srcs/sources_1/new/Regiters.v" Line 156
Stopped at time : 11 ns : File "C:/Users/q1109/Documents/VivadoProject/MIPS32/MIPS32.srcs/sources_1/new/Regiters.v" Line 187
Stopped at time : 11 ns : File "C:/Users/q1109/Documents/VivadoProject/MIPS32/MIPS32.srcs/sources_1/new/Regiters.v" Line 189
Stopped at time : 11 ns : File "C:/Users/q1109/Documents/VivadoProject/MIPS32/MIPS32.srcs/sources_1/new/Regiters.v" Line 191
Stopped at time : 11 ns : File "C:/Users/q1109/Documents/VivadoProject/MIPS32/MIPS32.srcs/sources_1/new/Regiters.v" Line 185
Stopped at time : 11 ns : File "C:/Users/q1109/Documents/VivadoProject/MIPS32/MIPS32.srcs/sources_1/new/Regiters.v" Line 54
Stopped at time : 11 ns : File "C:/Users/q1109/Documents/VivadoProject/MIPS32/MIPS32.srcs/sources_1/new/Regiters.v" Line 55
Stopped at time : 21 ns : File "C:/Users/q1109/Documents/VivadoProject/MIPS32/MIPS32.srcs/sim_1/new/TestBench.v" Line 61
Stopped at time : 21 ns : File "C:/Users/q1109/Documents/VivadoProject/MIPS32/MIPS32.srcs/sim_1/new/TestBench.v" Line 62
Stopped at time : 21 ns : File "C:/Users/q1109/Documents/VivadoProject/MIPS32/MIPS32.srcs/sources_1/new/Regiters.v" Line 58
